#
# There is insufficient memory for the Java Runtime Environment to continue.
# Native memory allocation (malloc) failed to allocate 1048576 bytes for AllocateHeap
# Possible reasons:
#   The system is out of physical RAM or swap space
#   The process is running with CompressedOops enabled, and the Java Heap may be blocking the growth of the native heap
# Possible solutions:
#   Reduce memory load on the system
#   Increase physical memory or swap space
#   Check if swap backing store is full
#   Decrease Java heap size (-Xmx/-Xms)
#   Decrease number of Java threads
#   Decrease Java thread stack sizes (-Xss)
#   Set larger code cache with -XX:ReservedCodeCacheSize=
#   JVM is running with Unscaled Compressed Oops mode in which the Java heap is
#     placed in the first 4GB address space. The Java Heap base address is the
#     maximum limit for the native heap growth. Please use -XX:HeapBaseMinAddress
#     to set the Java Heap base and to place the Java Heap above 4GB virtual address.
# This output file may be truncated or incomplete.
#
#  Out of Memory Error (memory/allocation.inline.hpp:61), pid=25060, tid=0x0000000000001674
#
# JRE version:  (8.0_202-b08) (build )
# Java VM: Java HotSpot(TM) 64-Bit Server VM (25.202-b08 mixed mode windows-amd64 compressed oops)
# Failed to write core dump. Minidumps are not enabled by default on client versions of Windows
#

---------------  T H R E A D  ---------------

Current thread (0x0000000003452800):  JavaThread "Unknown thread" [_thread_in_vm, id=5748, stack(0x0000000003350000,0x0000000003450000)]

Stack: [0x0000000003350000,0x0000000003450000]
[error occurred during error reporting (printing stack bounds), id 0xc0000005]

Native frames: (J=compiled Java code, j=interpreted, Vv=VM code, C=native code)


---------------  P R O C E S S  ---------------

Java Threads: ( => current thread )

Other Threads:

=>0x0000000003452800 (exited) JavaThread "Unknown thread" [_thread_in_vm, id=5748, stack(0x0000000003350000,0x0000000003450000)]

VM state:not at safepoint (normal execution)

VM Mutex/Monitor currently owned by a thread: None

heap address: 0x0000000082400000, size: 2012 MB, Compressed Oops mode: 32-bit
Narrow klass base: 0x0000000000000000, Narrow klass shift: 3
Compressed class space size: 1073741824 Address: 0x0000000100000000

Heap:
 PSYoungGen      total 37888K, used 655K [0x00000000d6180000, 0x00000000d8b80000, 0x0000000100000000)
  eden space 32768K, 2% used [0x00000000d6180000,0x00000000d6223d80,0x00000000d8180000)
  from space 5120K, 0% used [0x00000000d8680000,0x00000000d8680000,0x00000000d8b80000)
  to   space 5120K, 0% used [0x00000000d8180000,0x00000000d8180000,0x00000000d8680000)
 ParOldGen       total 86016K, used 0K [0x0000000082400000, 0x0000000087800000, 0x00000000d6180000)
  object space 86016K, 0% used [0x0000000082400000,0x0000000082400000,0x0000000087800000)
 Metaspace       used 775K, capacity 4480K, committed 4480K, reserved 1056768K
  class space    used 76K, capacity 384K, committed 384K, reserved 1048576K

Card table byte_map: [0x0000000012910000,0x0000000012d00000] byte_map_base: 0x00000000124fe000

Marking Bits: (ParMarkBitMap*) 0x000000006bf15ce0
 Begin Bits: [0x00000000139a0000, 0x0000000015910000)
 End Bits:   [0x0000000015910000, 0x0000000017880000)

Polling page: 0x0000000000df0000

CodeCache: size=245760Kb used=328Kb max_used=328Kb free=245431Kb
 bounds [0x0000000003550000, 0x00000000037c0000, 0x0000000012550000]
 total_blobs=58 nmethods=0 adapters=38
 compilation: enabled

Compilation events (0 events):
No events

GC Heap History (0 events):
No events

Deoptimization events (0 events):
No events

Classes redefined (0 events):
No events

Internal exceptions (0 events):
No events

Events (10 events):
Event: 0.031 loading class java/lang/Short
Event: 0.031 loading class java/lang/Short done
Event: 0.031 loading class java/lang/Integer
Event: 0.031 loading class java/lang/Integer done
Event: 0.031 loading class java/lang/Long
Event: 0.031 loading class java/lang/Long done
Event: 0.032 loading class java/lang/NullPointerException
Event: 0.032 loading class java/lang/NullPointerException done
Event: 0.032 loading class java/lang/ArithmeticException
Event: 0.032 loading class java/lang/ArithmeticException done


Dynamic libraries:
0x00007ff6fdef0000 - 0x00007ff6fdf27000 	C:\Program Files\Java\jdk1.8.0_202\bin\javaw.exe
0x00007ffdf2a10000 - 0x00007ffdf2bfd000 	C:\Windows\SYSTEM32\ntdll.dll
0x00007ffdefc30000 - 0x00007ffdefce3000 	C:\Windows\System32\KERNEL32.DLL
0x00007ffdef8e0000 - 0x00007ffdefb73000 	C:\Windows\System32\KERNELBASE.dll
0x00007ffdf03e0000 - 0x00007ffdf0483000 	C:\Windows\System32\ADVAPI32.dll
0x00007ffdf06d0000 - 0x00007ffdf076e000 	C:\Windows\System32\msvcrt.dll
0x00007ffdf0340000 - 0x00007ffdf03de000 	C:\Windows\System32\sechost.dll
0x00007ffdf24d0000 - 0x00007ffdf25f2000 	C:\Windows\System32\RPCRT4.dll
0x00007ffdf2840000 - 0x00007ffdf29d7000 	C:\Windows\System32\USER32.dll
0x00007ffdeeb40000 - 0x00007ffdeeb60000 	C:\Windows\System32\win32u.dll
0x00007ffdf06a0000 - 0x00007ffdf06c9000 	C:\Windows\System32\GDI32.dll
0x00007ffdeeb60000 - 0x00007ffdeecf9000 	C:\Windows\System32\gdi32full.dll
0x00007ffdef660000 - 0x00007ffdef700000 	C:\Windows\System32\msvcp_win.dll
0x00007ffdeed00000 - 0x00007ffdeedfa000 	C:\Windows\System32\ucrtbase.dll
0x00007ffdd60c0000 - 0x00007ffdd6339000 	C:\Windows\WinSxS\amd64_microsoft.windows.common-controls_6595b64144ccf1df_6.0.17763.973_none_05b245900721eb81\COMCTL32.dll
0x00007ffdf21a0000 - 0x00007ffdf24cc000 	C:\Windows\System32\combase.dll
0x00007ffdef580000 - 0x00007ffdef5fe000 	C:\Windows\System32\bcryptPrimitives.dll
0x00007ffdefd50000 - 0x00007ffdefd7e000 	C:\Windows\System32\IMM32.DLL
0x000000006b530000 - 0x000000006b602000 	C:\Program Files\Java\jdk1.8.0_202\jre\bin\msvcr100.dll
0x000000006b6f0000 - 0x000000006bf95000 	C:\Program Files\Java\jdk1.8.0_202\jre\bin\server\jvm.dll
0x00007ffdf00a0000 - 0x00007ffdf00a8000 	C:\Windows\System32\PSAPI.DLL
0x00007ffdeb160000 - 0x00007ffdeb169000 	C:\Windows\SYSTEM32\WSOCK32.dll
0x00007ffde4d80000 - 0x00007ffde4d8a000 	C:\Windows\SYSTEM32\VERSION.dll
0x00007ffdeb0d0000 - 0x00007ffdeb0f4000 	C:\Windows\SYSTEM32\WINMM.dll
0x00007ffdf0630000 - 0x00007ffdf069d000 	C:\Windows\System32\WS2_32.dll
0x00007ffdeb100000 - 0x00007ffdeb12d000 	C:\Windows\SYSTEM32\winmmbase.dll
0x00007ffdeeaf0000 - 0x00007ffdeeb3a000 	C:\Windows\System32\cfgmgr32.dll
0x00007ffdeb150000 - 0x00007ffdeb15f000 	C:\Program Files\Java\jdk1.8.0_202\jre\bin\verify.dll
0x00007ffde4940000 - 0x00007ffde4969000 	C:\Program Files\Java\jdk1.8.0_202\jre\bin\java.dll
0x00007ffdeac30000 - 0x00007ffdeac46000 	C:\Program Files\Java\jdk1.8.0_202\jre\bin\zip.dll

VM Arguments:
jvm_args: -Dfile.encoding=MS949 -Xbootclasspath:C:\Program Files\Java\jdk1.8.0_202\jre\lib\resources.jar;C:\Program Files\Java\jdk1.8.0_202\jre\lib\rt.jar;C:\Program Files\Java\jdk1.8.0_202\jre\lib\jsse.jar;C:\Program Files\Java\jdk1.8.0_202\jre\lib\jce.jar;C:\Program Files\Java\jdk1.8.0_202\jre\lib\charsets.jar;C:\Program Files\Java\jdk1.8.0_202\jre\lib\jfr.jar 
java_command: Solution
java_class_path (initial): C:\Users\memen\eclipse-workspace\ProblemSolving_mid_term\bin
Launcher Type: SUN_STANDARD

Environment Variables:
JAVA_HOME=C:\Program Files\Java\jdk1.8.0_202
PATH=C:/Program Files/Java/jdk1.8.0_202/bin/../jre/bin/server;C:/Program Files/Java/jdk1.8.0_202/bin/../jre/bin;C:/Program Files/Java/jdk1.8.0_202/bin/../jre/lib/amd64;C:\Program Files\Java\jdk1.8.0_202\bin;C:\Program Files (x86)\Common Files\Oracle\Java\javapath;C:\Miniconda3;C:\Miniconda3\Library\mingw-w64\bin;C:\Miniconda3\Library\usr\bin;C:\Miniconda3\Library\bin;C:\Miniconda3\Scripts;C:\Windows\system32;C:\Windows;C:\Windows\System32\Wbem;C:\Windows\System32\WindowsPowerShell\v1.0\;C:\Windows\System32\OpenSSH\;C:\flex\GnuWin32\bin;C:\GnuWin32\Bison\bin;C:\Dev-Cpp\bin;c:\Program Files (x86)\Microsoft SQL Server\100\Tools\Binn\;c:\Program Files\Microsoft SQL Server\100\Tools\Binn\;c:\Program Files\Microsoft SQL Server\100\DTS\Binn\;C:\compiler;C:\Program Files\Git\cmd;C:\Users\memen;C:\Program Files\Java\jdk1.8.0_202;C:\Program Files\nodejs\;C:\Program Files\MySQL\MySQL Shell 8.0\bin\;C:\Users\memen\AppData\Local\atom\bin;C:\Users\memen\AppData\Roaming\npm;C:\Windows\system32;
USERNAME=memen
OS=Windows_NT
PROCESSOR_IDENTIFIER=Intel64 Family 6 Model 158 Stepping 10, GenuineIntel



---------------  S Y S T E M  ---------------

OS: Windows 10.0 , 64 bit Build 17763 (10.0.17763.475)

CPU:total 12 (initial active 12) (6 cores per cpu, 2 threads per core) family 6 model 158 stepping 10, cmov, cx8, fxsr, mmx, sse, sse2, sse3, ssse3, sse4.1, sse4.2, popcnt, avx, avx2, aes, clmul, erms, 3dnowpref, lzcnt, ht, tsc, tscinvbit, bmi1, bmi2, adx

Memory: 4k page, physical 8239996k(2614524k free), swap 10592676k(5928k free)

vm_info: Java HotSpot(TM) 64-Bit Server VM (25.202-b08) for windows-amd64 JRE (1.8.0_202-b08), built on Dec 15 2018 19:54:30 by "java_re" with MS VC++ 10.0 (VS2010)

time: Mon May 11 00:26:36 2020
timezone: 대한민국 표준시
elapsed time: 0 seconds (0d 0h 0m 0s)

